<?xml version="1.0" encoding="UTF-8"?>
<!-- Generated by org.testng.reporters.JUnitReportReporter -->
<testsuite hostname="Mritunjay" failures="0" tests="2" name="com.crm.comcast.orgTest.CreateOrgTest" time="0.010" errors="0" timestamp="30 Aug 2024 07:18:04 GMT" skipped="0">
  <testcase classname="com.crm.comcast.orgTest.CreateOrgTest" name="createOrgWithIndustries" time="0.003"/>
  <testcase classname="com.crm.comcast.orgTest.CreateOrgTest" name="createOrgTest" time="0.007"/>
</testsuite> <!-- com.crm.comcast.orgTest.CreateOrgTest -->
