<?xml version="1.0" encoding="UTF-8"?>
<!-- Generated by org.testng.reporters.JUnitReportReporter -->
<testsuite hostname="Mritunjay" failures="0" tests="1" name="sampleTest.Demo" time="0.015" errors="0" timestamp="29 Aug 2024 05:17:24 GMT" skipped="0">
  <testcase classname="sampleTest.Demo" name="demo" time="0.015"/>
</testsuite> <!-- sampleTest.Demo -->
