<?xml version="1.0" encoding="UTF-8"?>
<!-- Generated by org.testng.reporters.JUnitReportReporter -->
<testsuite hostname="Mritunjay" failures="0" tests="3" name="com.comcast.crm.contactTest.CreateContactTest" time="125.058" errors="0" timestamp="10 Sep 2024 12:59:26 GMT" skipped="0">
  <testcase classname="com.comcast.crm.contactTest.CreateContactTest" name="createContactTest" time="54.957"/>
  <testcase classname="com.comcast.crm.contactTest.CreateContactTest" name="createContactWithSupportDateTest" time="26.170"/>
  <testcase classname="com.comcast.crm.contactTest.CreateContactTest" name="createContactWithOrgTest" time="43.931"/>
</testsuite> <!-- com.comcast.crm.contactTest.CreateContactTest -->
