<?xml version="1.0" encoding="UTF-8"?>
<!-- Generated by org.testng.reporters.JUnitReportReporter -->
<testsuite hostname="Mritunjay" failures="0" tests="4" name="practice.test.GetProductInfo" time="39.270" errors="0" timestamp="29 Aug 2024 10:51:48 GMT" skipped="0">
  <testcase classname="practice.test.GetProductInfo" name="geProductInfo" time="9.937"/>
  <testcase classname="practice.test.GetProductInfo" name="geProductInfo" time="10.943"/>
  <testcase classname="practice.test.GetProductInfo" name="geProductInfo" time="9.429"/>
  <testcase classname="practice.test.GetProductInfo" name="geProductInfo" time="8.961"/>
</testsuite> <!-- practice.test.GetProductInfo -->
