<?xml version="1.0" encoding="UTF-8"?>
<!-- Generated by org.testng.reporters.JUnitReportReporter -->
<testsuite hostname="Mritunjay" failures="0" tests="2" name="com.crm.comcast.contactTest.CreateContactTest" time="0.006" errors="0" timestamp="30 Aug 2024 07:18:04 GMT" skipped="0">
  <testcase classname="com.crm.comcast.contactTest.CreateContactTest" name="createContact" time="0.002"/>
  <testcase classname="com.crm.comcast.contactTest.CreateContactTest" name="createContactWithDate" time="0.004"/>
</testsuite> <!-- com.crm.comcast.contactTest.CreateContactTest -->
