<?xml version="1.0" encoding="UTF-8"?>
<!-- Generated by org.testng.reporters.JUnitReportReporter -->
<testsuite hostname="Mritunjay" failures="0" tests="1" name="com.comcast.crm.orgTest.CreateOrganizationTest" time="29.389" errors="0" timestamp="18 Sep 2024 11:10:43 GMT" skipped="0">
  <testcase classname="com.comcast.crm.orgTest.CreateOrganizationTest" name="createOrganizationTest" time="29.389"/>
</testsuite> <!-- com.comcast.crm.orgTest.CreateOrganizationTest -->
